<?xml version="1.0" encoding="UTF-8"?>
<!-- Generated by org.testng.reporters.JUnitReportReporter -->
<testsuite hostname="ngawangs10" failures="0" tests="5" name="testPages.HomePageTest" time="42.292" errors="0" timestamp="2022-12-25T15:29:58 GMT-05:00" skipped="0">
  <testcase classname="testPages.HomePageTest" name="clickFindYourClosestAtmTest" time="11.105"/>
  <system-out/>
  <testcase classname="testPages.HomePageTest" name="inputPassworkTest" time="6.752"/>
  <system-out/>
  <testcase classname="testPages.HomePageTest" name="clickFindYourClosestAtmPTest" time="10.054"/>
  <system-out/>
  <testcase classname="testPages.HomePageTest" name="clickAndInputUserIdTest" time="5.824"/>
  <system-out/>
  <testcase classname="testPages.HomePageTest" name="clickloginButtonTest" time="8.557"/>
  <system-out/>
</testsuite> <!-- testPages.HomePageTest -->
